<?xml version="1.0" encoding="UTF-8"?>
<testsuite name="com.example.top3.Top3ApplicationTests" tests="1" skipped="0" failures="0" errors="0" timestamp="2023-03-10T16:50:35" hostname="Justins-MBP" time="0.123">
  <properties/>
  <testcase name="contextLoads()" classname="com.example.top3.Top3ApplicationTests" time="0.123"/>
  <system-out><![CDATA[16:50:34.043 [Test worker] DEBUG org.springframework.boot.test.context.SpringBootTestContextBootstrapper - Neither @ContextConfiguration nor @ContextHierarchy found for test class [Top3ApplicationTests]: using SpringBootContextLoader
16:50:34.047 [Test worker] DEBUG org.springframework.test.context.support.AbstractContextLoader - Could not detect default resource locations for test class [com.example.top3.Top3ApplicationTests]: no resource found for suffixes {-context.xml, Context.groovy}.
16:50:34.047 [Test worker] INFO org.springframework.test.context.support.AnnotationConfigContextLoaderUtils - Could not detect default configuration classes for test class [com.example.top3.Top3ApplicationTests]: Top3ApplicationTests does not declare any static, non-private, non-final, nested classes annotated with @Configuration.
16:50:34.058 [Test worker] DEBUG org.springframework.boot.test.context.SpringBootTestContextBootstrapper - Using ContextCustomizers for test class [Top3ApplicationTests]: [DisableObservabilityContextCustomizer, PropertyMappingContextCustomizer, Customizer, ExcludeFilterContextCustomizer, DuplicateJsonObjectContextCustomizer, MockitoContextCustomizer, TestRestTemplateContextCustomizer]
16:50:34.092 [Test worker] DEBUG org.springframework.context.annotation.ClassPathScanningCandidateComponentProvider - Identified candidate component class: file [/Users/justin/source/linkedin/daily-top-3-kotlin/build/classes/kotlin/main/com/example/top3/Application.class]
16:50:34.093 [Test worker] INFO org.springframework.boot.test.context.SpringBootTestContextBootstrapper - Found @SpringBootConfiguration com.example.top3.Application for test class com.example.top3.Top3ApplicationTests
16:50:34.136 [Test worker] DEBUG org.springframework.boot.test.context.SpringBootTestContextBootstrapper - Using TestExecutionListeners for test class [Top3ApplicationTests]: [ServletTestExecutionListener, DirtiesContextBeforeModesTestExecutionListener, ApplicationEventsTestExecutionListener, MockitoTestExecutionListener, DependencyInjectionTestExecutionListener, DirtiesContextTestExecutionListener, TransactionalTestExecutionListener, SqlScriptsTestExecutionListener, EventPublishingTestExecutionListener, RestDocsTestExecutionListener, MockRestServiceServerResetTestExecutionListener, MockMvcPrintOnlyOnFailureTestExecutionListener, WebDriverTestExecutionListener, MockWebServiceServerTestExecutionListener, ResetMocksTestExecutionListener]
16:50:34.137 [Test worker] DEBUG org.springframework.test.context.support.AbstractDirtiesContextTestExecutionListener - Before test class: class [Top3ApplicationTests], class annotated with @DirtiesContext [false] with mode [null]

  .   ____          _            __ _ _
 /\\ / ___'_ __ _ _(_)_ __  __ _ \ \ \ \
( ( )\___ | '_ | '_| | '_ \/ _` | \ \ \ \
 \\/  ___)| |_)| | | | | || (_| |  ) ) ) )
  '  |____| .__|_| |_|_| |_\__, | / / / /
 =========|_|==============|___/=/_/_/_/
 :: Spring Boot ::                (v3.0.4)

2023-03-10T16:50:34.264Z  INFO 63270 --- [    Test worker] com.example.top3.Top3ApplicationTests    : Starting Top3ApplicationTests using Java 17.0.6 with PID 63270 (started by justin in /Users/justin/source/linkedin/daily-top-3-kotlin)
2023-03-10T16:50:34.265Z  INFO 63270 --- [    Test worker] com.example.top3.Top3ApplicationTests    : No active profile set, falling back to 1 default profile: "default"
2023-03-10T16:50:34.554Z  INFO 63270 --- [    Test worker] .s.d.r.c.RepositoryConfigurationDelegate : Bootstrapping Spring Data JPA repositories in DEFAULT mode.
2023-03-10T16:50:34.576Z  INFO 63270 --- [    Test worker] .s.d.r.c.RepositoryConfigurationDelegate : Finished Spring Data repository scanning in 18 ms. Found 1 JPA repository interfaces.
2023-03-10T16:50:34.765Z  INFO 63270 --- [    Test worker] o.hibernate.jpa.internal.util.LogHelper  : HHH000204: Processing PersistenceUnitInfo [name: default]
2023-03-10T16:50:34.785Z  INFO 63270 --- [    Test worker] org.hibernate.Version                    : HHH000412: Hibernate ORM core version 6.1.7.Final
2023-03-10T16:50:34.904Z  INFO 63270 --- [    Test worker] com.zaxxer.hikari.HikariDataSource       : HikariPool-1 - Starting...
2023-03-10T16:50:35.071Z  INFO 63270 --- [    Test worker] com.zaxxer.hikari.pool.HikariPool        : HikariPool-1 - Added connection org.postgresql.jdbc.PgConnection@7345f97d
2023-03-10T16:50:35.072Z  INFO 63270 --- [    Test worker] com.zaxxer.hikari.HikariDataSource       : HikariPool-1 - Start completed.
2023-03-10T16:50:35.091Z  INFO 63270 --- [    Test worker] SQL dialect                              : HHH000400: Using dialect: org.hibernate.dialect.PostgreSQLDialect
2023-03-10T16:50:35.342Z  INFO 63270 --- [    Test worker] o.h.e.t.j.p.i.JtaPlatformInitiator       : HHH000490: Using JtaPlatform implementation: [org.hibernate.engine.transaction.jta.platform.internal.NoJtaPlatform]
2023-03-10T16:50:35.346Z  INFO 63270 --- [    Test worker] j.LocalContainerEntityManagerFactoryBean : Initialized JPA EntityManagerFactory for persistence unit 'default'
2023-03-10T16:50:35.424Z  WARN 63270 --- [    Test worker] JpaBaseConfiguration$JpaWebConfiguration : spring.jpa.open-in-view is enabled by default. Therefore, database queries may be performed during view rendering. Explicitly configure spring.jpa.open-in-view to disable this warning
2023-03-10T16:50:35.737Z  INFO 63270 --- [    Test worker] com.example.top3.Top3ApplicationTests    : Started Top3ApplicationTests in 1.584 seconds (process running for 2.116)
]]></system-out>
  <system-err><![CDATA[]]></system-err>
</testsuite>
